735047021000019
11212851000023
38005128000023
68765965000023
325636196000048
928897562000323
47465372000023
434106057000072
90314891000023
37456518000024
340205344000025
19105151000025
242445887000025
449659979000083
2038912000025
55956367000025
110652233000026
686384809000023
2268118000026
219354859000026
28742840000026
143872970000026
648147596000104
857821355000028
455878139000028
858224044000030
17184045000074
18944127000030
56411077000033
744639583000033
516082925000034
468479020000034
498923283000107
634649591000035
603646882000035
30203462000035
57778557000037
675502835000037
189195780000037
777572040000074
722525950000038
715975209000038
613692049000038
75727766000038
599827432000037
321493057000038
535955167000038
440001321000068
691849381000039
253677432000047
677879255000040
666179598000040
25266147000079
215928654000042
184172641000042
145542053000052
630113169000042
776229714000148
36255791000212
621045813000044
184001795000043
7733929000043
911265143000043
789756707000129
428362595000167
246472568000102
266068139000045
220971379000045
126895636000045
370378155000046
128344933000045
121296631000046
678481359000046
388359695000047
455103470000047
293909906000047
175606500000048
589133842000048
864496923000048
864627278000048
864633576000048
864707819000048
769079402000048
195939695000057
67849437000154
260644850000049
803965094000049
580141000049
40241268000050
457994912000050
50926211000054
546072773000057
257123507000058
396586672000058
66263464000060
685287978000061
619174868000063
625421237000063
324896986000063
961699257000063
740731763000063
528911310000106
627334849000049
713507932000065
324499996000065
731585275000065
453295202000099
77327984000065
893482402000065
6718510000092
433328031000067
618856869000067
900482001000067
35476297000128
762453475000068
602232817000068
560535064000068
736462806000069
72702606000070
99731533000070
200692140000070
313073843000066
1117504625000072
1037655408000041
384519168000073
1034448436000073
718097001000073
663249245000125
897744142000075
77852551000073
897702794000073
584186150000073
869551938000074
620817461000074
874804903000074
566681584000075
7369313000075
891359655000075
41109367000094
317375944000076
918179058000224
972253600000078
317571550000078
624827696000079
462916833000079
760772397000079
574781039000080
591301431000080
52382894000080
890631773000081
569897810000080
461707905000090
732654343000082
20028505000082
202579182000082
291649523000080
494771210000082
17375532000082
849427330000117
589608289000083
69329386000083
43536597000083
61565979000084
71204703000084
175007628000084
876666743000035
102967887000085
62429115000100
235838553000086
604377672000090
655099964000090
37907214000093
213339007000093
146748673000094
415505120000094
623507771000094
759114408000095
595072047000096
46849654000097
465341031000097
333749319000098
114956019000098
106016601000099
892884779000045
892893901000045
5544209000102
83032063000102
473862444000102
101744901000104
562211380000104
69087889000104
101034153000105
79289483000105
918137494000105
1008644983000105
354848981000106
32391307000106
758179014000108
35477626000108
357772062000108
26115176000171
716034371000110
781409570000044
799849682000111
259138602000113
444563621000113
585924725000113
78666799000114
229573031000115
29106646000115
32695629000115
344132826000115
493074463000115
598622253000115
620315580000113
715108313000115
723805124000115
888358339000115
164544524000116
247845141000116
975635238000116
1025601078000117
877155163000118
889514400000118
113765517000250
363994147000119
634045138000109
908331663000065
827815453000120
894881843000120
909389033000120
40054106000121
420145771000178
659323159000124
788684112000124
92442462000124
178433005000125
388953578000125
607168515000125
746177540000125
132829820000126
700168957000126
1039334046000127
596703189000129
724786282000130
647129055000108
525838902000310
532844906000132
950808868000132
168339297000133
1000321543000134
100252297000136
1219294584000136
1378896408000145
304153622000136
62668277000134
675902595000136
890686599000143
121120950000144
274948138000272
963517617000137
798473424000138
741934524000359
1029668477000144
1444868007000144
298052533000144
886128317000144
946414053000144
1383833934000145
1266183981000149
599109827000123
920152693000044
920169652000044
936861571000135
94941556000030
176845885000146
723499130000100
734519810000048
975158680000153
703465578000154
77148986000154
908784229000223
653741973000155
85403849000039
282511653000156
293501910000157
338744553000157
547376524000175
671265468000157
991401780000157
1039602508000159
237559245000159
631808860000159
647281850000159
418543366000160
151812915000161
200759926000161
84123996000161
370963940000162
509064237000162
53686694000162
646203248000162
1009367655000164
104176730000164
107446472000164
1104151282000164
356383258000163
518277069000154
539527612000195
607081860000249
718535903000164
85648319000164
88372624000039
93343360000164
474127762000165
609551513000165
981426705000186
32794479000167
286288083000167
33945344000167
856538342000167
1494426334000168
34139692000168
971971329000130
991821048000168
1020797554000149
790653285000169
845737553000101
275019387000170
80120764000170
894339278000170
698975250000171
13922338000173
210535181000173
32307401000173
40685791000173
514274932000173
552083484000173
59941235000174
65082141000174
680248695000174
719493702000174
254503320000175
517702376000175
1100455916000176
12688118000176
278932406000204
48038184000198
751536710000176
19338267000177
46156668000314
671591936000086
678548702000090
895671415000173
1002399345000178
20591608000179
845185645000179
128841652000180
163077785000180
485557289000180
524481174000180
624301855000180
197857094000181
290159981000182
304323630000181
486965632000181
530729217000181
60413134000181
661448453000181
358861502000202
528379388000182
797476030000182
1083951073000183
139052047000183
184171314000183
23527355000183
268428489000183
350177744000183
46216578000183
881403171000183
1068839000184
12696042000184
146878615000184
166134086000184
416691505000184
43099474000184
901029639000184
1059799253000185
197156443000185
818558117000314
96746128000218
658339308000186
1170657939000187
277009416000187
858005022000101
889065709000109
89201604000109
936516722000067
936611208000067
1052817145000189
1093883654000189
1094111787000189
1230245040000189
123317379000189
18017599000189
534272647000189
563564259000189
598844283000189
811506403000196
1160483763000190
1179601147000190
433908623000190
47421425000190
5448393000267
660717159000190
1064884307000192
1175991662000193
275647103000193
1032112384000195
19598685000196
345959145000196
512065489000196
762168204000196
83723110000200
121651360000201
1366165364000201
486783741000201
543887940000073
545367442000203
5857825000201
871202920000201
906765464000201
1184724752000203
199491648000203
228104045000271
4212333000203
855039444000167
951563041000203
965615976000203
54469523000204
618444537000204
413142555000205
85804990000205
1268381725000206
139682350000146
22221663000203
303401963000206
760086735000183
782596464000206
93977576000206
965771232000206
998455568000127
2250175000207
488522611000207
86952856000207
977586193000080
987439334000161
1159049138000159
442512967000208
386621944000209
942678098000209
11878229000210
382547536000210
491486601000210
65442865000210
793769713000052
861611215000210
201213778000211
218532690000211
522925804000211
621418432000224
677598995000211
1045278876000211
175498639000285
208767922000213
1008301530000042
1081776627000198
1085167733000214
1144597047000200
1008322920000042
1076592436000046
4959365000217
964654929000185
1268556839000220
227912622000220
929153583000223
208145851000224
140096228000225
579903236000226
740208892000226
72148418000279
921426063000123
445331379000228
511188788000231
785745742000233
980655392000153
980747539000153
990884176000153
1178242671000235
100928409000170
45461233000232
590196923000237
401863131000238
530338609000357
564889553000238
582647110000238
897348724000098
111388924000241
1116556235000241
186555815000241
4614676000241
615973721000242
186055381000243
45196342000243
69889354000243
91165407000245
174011286000245
191721987000342
324925566000250
341289868000250
1017643017000251
1253331769000251
347523218000272
559814227000251
553772037000253
119596759000257
100501407000258
1015994034000043
1065544887000258
1117507664000205
1141633165000209
140128843000256
89504494000258
959225506000232
1393468808000143
937357614000122
1202240000261
1143755187000198
413771126000255
742223158000264
986154218000264
170223728000266
1050879544000267
1076913811000267
320321225000271
383644320000269
728818333000262
747436209000267
877606681000119
899648631000051
992105600000267
992868839000267
1075897098000131
1170917230000206
551734655000269
102606647000172
1028427955000172
103024466000172
1050549654000176
1062175874000270
980942435000159
981035406000234
999214460000155
485237596000273
9479137000273
615884791000274
202681786000275
901985068000275
981408166000268
1001522433000265
1090371693000170
1143758421000276
167676317000327
53918407000260
682898869000270
96841127000276
1154192954000273
1025459540000041
1177578946000278
520151689000278
88391860000119
885408112000119
9112435000278
1038297592000044
458813664000279
984053029000174
985088796000174
985396884000174
996379392000268
478193985000280
797639114000280
840715671000281
301629151000225
537476012000247
625337773000283
75773634000283
1020477019000239
35176301000284
55116285000272
822852949000284
89069796000285
703389067000286
825484105000286
57385866000287
1047055989000172
128363869000288
141543087000306
551049255000288
975144747000288
1045715873000232
40981657000290
737011895000290
102419320000070
1195927091000195
1197783496000195
1198544365000195
190575104000291
642148606000291
350097430000293
1068326464000294
260862335000343
490158136000294
537234715000294
546144235000294
851573732000294
923825273000290
1120269682000173
1124706908000173
57505444000287
960685659000107
851011210000054
70298847000297
398725869000298
403132204000298
618565310000298
90704350000298
1140127413000160
1148556309000160
1238158243000204
121202289000301
1030049350000223
1083711889000246
1094143932000246
121752348000195
286508987000302
1009143888000297
249506865000303
1191867448000230
231927966000304
986974808000257
1033334139000233
350595028000306
1220144280000151
389739728000037
554806389000308
1252318816000204
135885001000309
787863699000309
822305549000309
828372311000309
844201919000309
976575259000033
1011694461000067
111230621000176
1411448763000202
519478281000310
926307611000310
96271709000310
966542045000310
967559707000310
350572566000366
782031411000311
450847373000312
750316620000312
1072689879000163
460313003000313
530687581000313
840077163000313
869945573000313
193039141000315
741782896000316
13134159000317
19240661000317
542761636000317
417941769000318
50634079000318
694746068000318
438671365000319
459832376000319
475622287000319
147445253000320
300641968000356
315931130000320
677654547000322
8797155000320
6372154000321
205216054000333
35999139000322
498509961000034
504868751000322
509953517000322
510831754000322
733391774000322
914296773000322
918231886000322
936138887000322
940872815000322
1037429435000266
36078401000323
434136067000363
248563703000326
442775193000324
452224341000324
499581935000324
539248225000324
606367142000324
270284967000325
865803559000325
839371101000343
26218237000328
268759153000328
801124136000329
1035839214000110
607416060000330
651378002000330
1086203209000169
1100699905000169
1161717647000137
1176945137000220
307114186000331
380604375000331
415385271000331
464202323000331
965035510000100
141558256000332
156041738000332
396059109000332
854731789000332
397855188000392
523423069000333
667938673000333
907308579000333
159015967000334
21563647000334
305236884000334
721818938000334
825618865000335
921367500000096
1051786608000166
399243898000336
588163976000336
735014896000336
798672375000336
861803938000336
1089689835000229
1090629521000229
1094291329000229
14494604000337
378431980000338
556454829000338
711539556000338
72013957000338
7426599000338
825271779000338
1031094400000182
443263979000339
703347832000339
844291078000339
99093890000336
9709950000341
159173009000342
5898996000342
829399139000342
54289665000343
89156268000343
1038858316000044
495958840000344
743245980000344
7501614000344
83503404000344
1091203168000229
680814152000339
655643543000346
732323701000346
1053127649000244
1053775103000244
1070673968000221
1080409819000221
1091242591000274
109252534000274
1092594551000275
112517889000153
1136316357000215
1236041327000210
139088031000347
19652311000347
240909787000347
29832708000347
548366525000347
630774448000330
854116548000125
91414195000352
96691463000352
301243652000348
316549456000348
46634730000348
604908319000348
67587622000348
703135981000348
76552744000353
860422999000348
1385474927000207
684555759000349
848193437000349
85538588000349
1044056788000262
1402127990000200
699176045000351
444498853000352
651321645000352
677783985000352
67923283000352
755081874000352
77597602000352
1084897647000176
875368476000353
875903215000353
891675056000353
914633780000353
1093246438000280
430357306000366
43674947000354
710318191000354
871662705000354
874502848000354
1226312739000187
384274247000355
800467295000355
833047130000356
883883570000356
908718282000356
708247773000357
763695528000357
9740994000357
311344478000358
417242069000358
587622700000358
1238884674000220
31895445000359
382557814000359
540786178000359
746878268000359
769989033000359
781899732000359
18684986000360
359474865000360
413087797000360
709641763000360
710603739000360
739047536000360
898408078000360
1114131244000265
1114654987000265
16943718000361
378089970000361
41094123000361
465607789000361
62413866000361
786684598000361
933969510000051
936517699000051
105627529000302
1151627063000214
206744886000362
280736567000362
347557961000362
656543717000362
678389467000362
1130374279000219
15182335000391
417009826000363
437542333000363
885921742000363
1195438975000165
253386817000364
325038468000366
847474914000364
1150882897000173
1162785722000173
260878952000365
302942698000365
305326950000365
62119429000365
752956035000083
518276761000366
540926990000366
891542365000023
873975153000367
1025525525000216
1253825677000195
204958275000368
228315817000368
466293785000368
76163605000368
784916315000368
91157975000368
975289321000037
1022444429000153
1128033978000245
1249229863000187
147602126000144
439956274000369
441355122000369
466949641000369
701456429000369
854609295000311
1213923987000220
231763653000370
2487841000371
46622132000371
49553710000371
721986418000371
865806300000371
366418846000372
52726475000372
184067421000373
344018999000373
385293964000373
41413497000373
4753493000373
725736682000373
9325594000349
1260113448000177
1293661467000177
305149451000374
347012532000374
384101946000374
384545060000374
92203257000375
236381629000376
482983953000395
208436775000377
244016067000377
361539635000377
498296718000377
788223398000377
426907790000378
499488264000378
664023435000378
1041295018000298
129913171000379
131928808000379
141994062000379
265505465000366
82788823000379
1119798000380
1277617709000205
370395466000380
245335023000386
283636862000375
373131127000381
507733258000381
728101899000381
73091438000381
8970937000345
260918553000382
566002779000382
65367950000382
148969173000144
371664354000388
43617082000383
605872314000383
87352228000383
991996878000024
161524139000385
133797086000386
114349029000388
681783814000388
943156577000333
163613722000389
202139363000400
355308693000389
412125601000389
1498439268000144
412594000403
547383867000373
27163464000392
381532286000391
392655048000391
809247653000306
360035417000392
236139871000394
34028589000393
54881802000394
149267905000168
1494024472000168
274737805000396
523108197000379
923947068000347
150326085000397
848736623000382
1256677954000300
234221589000398
991974318000162
29237439000399
200466182000400
1298754171000187
1303587309000187
1024914491000295
1311741149000187
